# JRE version: OpenJDK Runtime Environment (8.0_242-b01) (build 1.8.0_242-release-1644-b01)
# Java VM: OpenJDK 64-Bit Server VM (25.242-b01 mixed mode windows-amd64 compressed oops)
Heap:
 PSYoungGen      total 384512K, used 339572K [0x00000000d5580000, 0x00000000eec80000, 0x0000000100000000)
  eden space 361984K, 88% used [0x00000000d5580000,0x00000000e8d26548,0x00000000eb700000)
  from space 22528K, 90% used [0x00000000ed000000,0x00000000ee3f6e70,0x00000000ee600000)
  to   space 25600K, 0% used [0x00000000eb700000,0x00000000eb700000,0x00000000ed000000)
 ParOldGen       total 79872K, used 32999K [0x0000000080000000, 0x0000000084e00000, 0x00000000d5580000)
  object space 79872K, 41% used [0x0000000080000000,0x0000000082039de8,0x0000000084e00000)
 Metaspace       used 72709K, capacity 76408K, committed 76696K, reserved 1116160K
  class space    used 9938K, capacity 10613K, committed 10672K, reserved 1048576K
GC Heap History (10 events):
Event: 39.192 GC heap before
{Heap before GC invocations=13 (full 2):
 PSYoungGen      total 194560K, used 184832K [0x00000000d5580000, 0x00000000e2300000, 0x0000000100000000)
  eden space 184832K, 100% used [0x00000000d5580000,0x00000000e0a00000,0x00000000e0a00000)
  from space 9728K, 0% used [0x00000000e1980000,0x00000000e1980000,0x00000000e2300000)
  to   space 12800K, 0% used [0x00000000e0a00000,0x00000000e0a00000,0x00000000e1680000)
 ParOldGen       total 48128K, used 14553K [0x0000000080000000, 0x0000000082f00000, 0x00000000d5580000)
  object space 48128K, 30% used [0x0000000080000000,0x0000000080e36590,0x0000000082f00000)
 Metaspace       used 44226K, capacity 46054K, committed 46376K, reserved 1089536K
  class space    used 5985K, capacity 6347K, committed 6448K, reserved 1048576K
Event: 43.383 GC heap after
Heap after GC invocations=13 (full 2):
 PSYoungGen      total 197632K, used 12791K [0x00000000d5580000, 0x00000000e7800000, 0x0000000100000000)
  eden space 184832K, 0% used [0x00000000d5580000,0x00000000d5580000,0x00000000e0a00000)
  from space 12800K, 99% used [0x00000000e0a00000,0x00000000e167dff0,0x00000000e1680000)
  to   space 15360K, 0% used [0x00000000e6900000,0x00000000e6900000,0x00000000e7800000)
 ParOldGen       total 48128K, used 15981K [0x0000000080000000, 0x0000000082f00000, 0x00000000d5580000)
  object space 48128K, 33% used [0x0000000080000000,0x0000000080f9b730,0x0000000082f00000)
 Metaspace       used 44226K, capacity 46054K, committed 46376K, reserved 1089536K
  class space    used 5985K, capacity 6347K, committed 6448K, reserved 1048576K
}
Event: 54.085 GC heap before
{Heap before GC invocations=14 (full 2):
 PSYoungGen      total 197632K, used 197623K [0x00000000d5580000, 0x00000000e7800000, 0x0000000100000000)
  eden space 184832K, 100% used [0x00000000d5580000,0x00000000e0a00000,0x00000000e0a00000)
  from space 12800K, 99% used [0x00000000e0a00000,0x00000000e167dff0,0x00000000e1680000)
  to   space 15360K, 0% used [0x00000000e6900000,0x00000000e6900000,0x00000000e7800000)
 ParOldGen       total 48128K, used 15981K [0x0000000080000000, 0x0000000082f00000, 0x00000000d5580000)
  object space 48128K, 33% used [0x0000000080000000,0x0000000080f9b730,0x0000000082f00000)
 Metaspace       used 56156K, capacity 58468K, committed 58664K, reserved 1099776K
  class space    used 7651K, capacity 8153K, committed 8240K, reserved 1048576K
Event: 54.546 GC heap after
Heap after GC invocations=14 (full 2):
 PSYoungGen      total 274944K, used 15357K [0x00000000d5580000, 0x00000000e8380000, 0x0000000100000000)
  eden space 259584K, 0% used [0x00000000d5580000,0x00000000d5580000,0x00000000e5300000)
  from space 15360K, 99% used [0x00000000e6900000,0x00000000e77ff478,0x00000000e7800000)
  to   space 22528K, 0% used [0x00000000e5300000,0x00000000e5300000,0x00000000e6900000)
 ParOldGen       total 48128K, used 28564K [0x0000000080000000, 0x0000000082f00000, 0x00000000d5580000)
  object space 48128K, 59% used [0x0000000080000000,0x0000000081be50b0,0x0000000082f00000)
 Metaspace       used 56156K, capacity 58468K, committed 58664K, reserved 1099776K
  class space    used 7651K, capacity 8153K, committed 8240K, reserved 1048576K
}
Event: 56.663 GC heap before
{Heap before GC invocations=15 (full 2):
 PSYoungGen      total 274944K, used 29142K [0x00000000d5580000, 0x00000000e8380000, 0x0000000100000000)
  eden space 259584K, 5% used [0x00000000d5580000,0x00000000d62f6508,0x00000000e5300000)
  from space 15360K, 99% used [0x00000000e6900000,0x00000000e77ff478,0x00000000e7800000)
  to   space 22528K, 0% used [0x00000000e5300000,0x00000000e5300000,0x00000000e6900000)
 ParOldGen       total 48128K, used 28564K [0x0000000080000000, 0x0000000082f00000, 0x00000000d5580000)
  object space 48128K, 59% used [0x0000000080000000,0x0000000081be50b0,0x0000000082f00000)
 Metaspace       used 56903K, capacity 59154K, committed 59160K, reserved 1099776K
  class space    used 7782K, capacity 8238K, committed 8240K, reserved 1048576K
Event: 56.716 GC heap after
Heap after GC invocations=15 (full 2):
 PSYoungGen      total 282112K, used 1056K [0x00000000d5580000, 0x00000000ee600000, 0x0000000100000000)
  eden space 259584K, 0% used [0x00000000d5580000,0x00000000d5580000,0x00000000e5300000)
  from space 22528K, 4% used [0x00000000e5300000,0x00000000e5408000,0x00000000e6900000)
  to   space 22528K, 0% used [0x00000000ed000000,0x00000000ed000000,0x00000000ee600000)
 ParOldGen       total 48128K, used 42068K [0x0000000080000000, 0x0000000082f00000, 0x00000000d5580000)
  object space 48128K, 87% used [0x0000000080000000,0x0000000082915248,0x0000000082f00000)
 Metaspace       used 56903K, capacity 59154K, committed 59160K, reserved 1099776K
  class space    used 7782K, capacity 8238K, committed 8240K, reserved 1048576K
}
Event: 56.716 GC heap before
{Heap before GC invocations=16 (full 3):
 PSYoungGen      total 282112K, used 1056K [0x00000000d5580000, 0x00000000ee600000, 0x0000000100000000)
  eden space 259584K, 0% used [0x00000000d5580000,0x00000000d5580000,0x00000000e5300000)
  from space 22528K, 4% used [0x00000000e5300000,0x00000000e5408000,0x00000000e6900000)
  to   space 22528K, 0% used [0x00000000ed000000,0x00000000ed000000,0x00000000ee600000)
 ParOldGen       total 48128K, used 42068K [0x0000000080000000, 0x0000000082f00000, 0x00000000d5580000)
  object space 48128K, 87% used [0x0000000080000000,0x0000000082915248,0x0000000082f00000)
 Metaspace       used 56903K, capacity 59154K, committed 59160K, reserved 1099776K
  class space    used 7782K, capacity 8238K, committed 8240K, reserved 1048576K
Event: 57.814 GC heap after
Heap after GC invocations=16 (full 3):
 PSYoungGen      total 282112K, used 0K [0x00000000d5580000, 0x00000000ee600000, 0x0000000100000000)
  eden space 259584K, 0% used [0x00000000d5580000,0x00000000d5580000,0x00000000e5300000)
  from space 22528K, 0% used [0x00000000e5300000,0x00000000e5300000,0x00000000e6900000)
  to   space 22528K, 0% used [0x00000000ed000000,0x00000000ed000000,0x00000000ee600000)
 ParOldGen       total 79872K, used 32991K [0x0000000080000000, 0x0000000084e00000, 0x00000000d5580000)
  object space 79872K, 41% used [0x0000000080000000,0x0000000082037de8,0x0000000084e00000)
 Metaspace       used 56887K, capacity 59100K, committed 59160K, reserved 1099776K
  class space    used 7777K, capacity 8229K, committed 8240K, reserved 1048576K
}
Event: 74.090 GC heap before
{Heap before GC invocations=17 (full 3):
 PSYoungGen      total 282112K, used 259584K [0x00000000d5580000, 0x00000000ee600000, 0x0000000100000000)
  eden space 259584K, 100% used [0x00000000d5580000,0x00000000e5300000,0x00000000e5300000)
  from space 22528K, 0% used [0x00000000e5300000,0x00000000e5300000,0x00000000e6900000)
  to   space 22528K, 0% used [0x00000000ed000000,0x00000000ed000000,0x00000000ee600000)
 ParOldGen       total 79872K, used 32991K [0x0000000080000000, 0x0000000084e00000, 0x00000000d5580000)
  object space 79872K, 41% used [0x0000000080000000,0x0000000082037de8,0x0000000084e00000)
 Metaspace       used 64553K, capacity 67618K, committed 67864K, reserved 1107968K
  class space    used 8847K, capacity 9428K, committed 9520K, reserved 1048576K
Event: 75.333 GC heap after
Heap after GC invocations=17 (full 3):
 PSYoungGen      total 384512K, used 20443K [0x00000000d5580000, 0x00000000eec80000, 0x0000000100000000)
  eden space 361984K, 0% used [0x00000000d5580000,0x00000000d5580000,0x00000000eb700000)
  from space 22528K, 90% used [0x00000000ed000000,0x00000000ee3f6e70,0x00000000ee600000)
  to   space 25600K, 0% used [0x00000000eb700000,0x00000000eb700000,0x00000000ed000000)
 ParOldGen       total 79872K, used 32999K [0x0000000080000000, 0x0000000084e00000, 0x00000000d5580000)
  object space 79872K, 41% used [0x0000000080000000,0x0000000082039de8,0x0000000084e00000)
 Metaspace       used 64553K, capacity 67618K, committed 67864K, reserved 1107968K
  class space    used 8847K, capacity 9428K, committed 9520K, reserved 1048576K
}

